This is pdfTeX, Version 3.141592653-2.6-1.40.26 (TeX Live 2024) (preloaded format=pdflatex 2024.5.15)  15 MAY 2024 12:19
entering extended mode
 restricted \write18 enabled.
 %&-line parsing enabled.
**MainDocument.tex
(./MainDocument.tex
LaTeX2e <2023-11-01> patch level 1
L3 programming layer <2024-04-11>
(c:/Users/pbrky/AppData/Roaming/TinyTeX/texmf-dist/tex/latex/base/article.cls
Document Class: article 2023/05/17 v1.4n Standard LaTeX document class
(c:/Users/pbrky/AppData/Roaming/TinyTeX/texmf-dist/tex/latex/base/size12.clo
File: size12.clo 2023/05/17 v1.4n Standard LaTeX file (size option)
)
\c@part=\count189
\c@section=\count190
\c@subsection=\count191
\c@subsubsection=\count192
\c@paragraph=\count193
\c@subparagraph=\count194
\c@figure=\count195
\c@table=\count196
\abovecaptionskip=\skip48
\belowcaptionskip=\skip49
\bibindent=\dimen140
) (c:/Users/pbrky/AppData/Roaming/TinyTeX/texmf-dist/tex/latex/amsmath/amsmath.sty
Package: amsmath 2023/05/13 v2.17o AMS math features
\@mathmargin=\skip50
For additional information on amsmath, use the `?' option.
(c:/Users/pbrky/AppData/Roaming/TinyTeX/texmf-dist/tex/latex/amsmath/amstext.sty
Package: amstext 2021/08/26 v2.01 AMS text
(c:/Users/pbrky/AppData/Roaming/TinyTeX/texmf-dist/tex/latex/amsmath/amsgen.sty
File: amsgen.sty 1999/11/30 v2.0 generic functions
\@emptytoks=\toks17
\ex@=\dimen141
)) (c:/Users/pbrky/AppData/Roaming/TinyTeX/texmf-dist/tex/latex/amsmath/amsbsy.sty
Package: amsbsy 1999/11/29 v1.2d Bold Symbols
\pmbraise@=\dimen142
) (c:/Users/pbrky/AppData/Roaming/TinyTeX/texmf-dist/tex/latex/amsmath/amsopn.sty
Package: amsopn 2022/04/08 v2.04 operator names
)
\inf@bad=\count197
LaTeX Info: Redefining \frac on input line 234.
\uproot@=\count198
\leftroot@=\count199
LaTeX Info: Redefining \overline on input line 399.
LaTeX Info: Redefining \colon on input line 410.
\classnum@=\count266
\DOTSCASE@=\count267
LaTeX Info: Redefining \ldots on input line 496.
LaTeX Info: Redefining \dots on input line 499.
LaTeX Info: Redefining \cdots on input line 620.
\Mathstrutbox@=\box51
\strutbox@=\box52
LaTeX Info: Redefining \big on input line 722.
LaTeX Info: Redefining \Big on input line 723.
LaTeX Info: Redefining \bigg on input line 724.
LaTeX Info: Redefining \Bigg on input line 725.
\big@size=\dimen143
LaTeX Font Info:    Redeclaring font encoding OML on input line 743.
LaTeX Font Info:    Redeclaring font encoding OMS on input line 744.
\macc@depth=\count268
LaTeX Info: Redefining \bmod on input line 905.
LaTeX Info: Redefining \pmod on input line 910.
LaTeX Info: Redefining \smash on input line 940.
LaTeX Info: Redefining \relbar on input line 970.
LaTeX Info: Redefining \Relbar on input line 971.
\c@MaxMatrixCols=\count269
\dotsspace@=\muskip16
\c@parentequation=\count270
\dspbrk@lvl=\count271
\tag@help=\toks18
\row@=\count272
\column@=\count273
\maxfields@=\count274
\andhelp@=\toks19
\eqnshift@=\dimen144
\alignsep@=\dimen145
\tagshift@=\dimen146
\tagwidth@=\dimen147
\totwidth@=\dimen148
\lineht@=\dimen149
\@envbody=\toks20
\multlinegap=\skip51
\multlinetaggap=\skip52
\mathdisplay@stack=\toks21
LaTeX Info: Redefining \[ on input line 2953.
LaTeX Info: Redefining \] on input line 2954.
) (c:/Users/pbrky/AppData/Roaming/TinyTeX/texmf-dist/tex/latex/graphics/graphicx.sty
Package: graphicx 2021/09/16 v1.2d Enhanced LaTeX Graphics (DPC,SPQR)
(c:/Users/pbrky/AppData/Roaming/TinyTeX/texmf-dist/tex/latex/graphics/keyval.sty
Package: keyval 2022/05/29 v1.15 key=value parser (DPC)
\KV@toks@=\toks22
) (c:/Users/pbrky/AppData/Roaming/TinyTeX/texmf-dist/tex/latex/graphics/graphics.sty
Package: graphics 2022/03/10 v1.4e Standard LaTeX Graphics (DPC,SPQR)
(c:/Users/pbrky/AppData/Roaming/TinyTeX/texmf-dist/tex/latex/graphics/trig.sty
Package: trig 2021/08/11 v1.11 sin cos tan (DPC)
) (c:/Users/pbrky/AppData/Roaming/TinyTeX/texmf-dist/tex/latex/graphics-cfg/graphics.cfg
File: graphics.cfg 2016/06/04 v1.11 sample graphics configuration
)
Package graphics Info: Driver file: pdftex.def on input line 107.
(c:/Users/pbrky/AppData/Roaming/TinyTeX/texmf-dist/tex/latex/graphics-def/pdftex.def
File: pdftex.def 2024/04/13 v1.2c Graphics/color driver for pdftex
))
\Gin@req@height=\dimen150
\Gin@req@width=\dimen151
) (c:/Users/pbrky/AppData/Roaming/TinyTeX/texmf-dist/tex/latex/psfrag/psfrag.sty
Package: psfrag 1998/04/11 v3.04 PSfrag (MCG)
\pfg@pcount=\count275
\pfg@scount=\count276
\pfg@temp=\write3
) (c:/Users/pbrky/AppData/Roaming/TinyTeX/texmf-dist/tex/generic/epsf/epsf.sty
This is `epsf.tex' v2.7.4 <14 February 2011>
\epsffilein=\read2
\epsfframemargin=\dimen152
\epsfframethickness=\dimen153
\epsfrsize=\dimen154
\epsftmp=\dimen155
\epsftsize=\dimen156
\epsfxsize=\dimen157
\epsfysize=\dimen158
\pspoints=\dimen159
) (c:/Users/pbrky/AppData/Roaming/TinyTeX/texmf-dist/tex/latex/tools/enumerate.sty
Package: enumerate 2023/07/04 v3.00 enumerate extensions (DPC)
\@enLab=\toks23
) (c:/Users/pbrky/AppData/Roaming/TinyTeX/texmf-dist/tex/latex/natbib/natbib.sty
Package: natbib 2010/09/13 8.31b (PWD, AO)
\bibhang=\skip53
\bibsep=\skip54
LaTeX Info: Redefining \cite on input line 694.
\c@NAT@ctr=\count277
) (c:/Users/pbrky/AppData/Roaming/TinyTeX/texmf-dist/tex/latex/base/textcomp.sty
Package: textcomp 2020/02/02 v2.0n Standard LaTeX package
) (c:/Users/pbrky/AppData/Roaming/TinyTeX/texmf-dist/tex/latex/booktabs/booktabs.sty
Package: booktabs 2020/01/12 v1.61803398 Publication quality tables
\heavyrulewidth=\dimen160
\lightrulewidth=\dimen161
\cmidrulewidth=\dimen162
\belowrulesep=\dimen163
\belowbottomsep=\dimen164
\aboverulesep=\dimen165
\abovetopsep=\dimen166
\cmidrulesep=\dimen167
\cmidrulekern=\dimen168
\defaultaddspace=\dimen169
\@cmidla=\count278
\@cmidlb=\count279
\@aboverulesep=\dimen170
\@belowrulesep=\dimen171
\@thisruleclass=\count280
\@lastruleclass=\count281
\@thisrulewidth=\dimen172
) (c:/Users/pbrky/AppData/Roaming/TinyTeX/texmf-dist/tex/latex/tools/longtable.sty
Package: longtable 2023-11-01 v4.19 Multi-page Table package (DPC)
\LTleft=\skip55
\LTright=\skip56
\LTpre=\skip57
\LTpost=\skip58
\LTchunksize=\count282
\LTcapwidth=\dimen173
\LT@head=\box53
\LT@firsthead=\box54
\LT@foot=\box55
\LT@lastfoot=\box56
\LT@gbox=\box57
\LT@cols=\count283
\LT@rows=\count284
\c@LT@tables=\count285
\c@LT@chunks=\count286
\LT@p@ftn=\toks24
) (c:/Users/pbrky/AppData/Roaming/TinyTeX/texmf-dist/tex/latex/tools/array.sty
Package: array 2023/10/16 v2.5g Tabular extension package (FMi)
\col@sep=\dimen174
\ar@mcellbox=\box58
\extrarowheight=\dimen175
\NC@list=\toks25
\extratabsurround=\skip59
\backup@length=\skip60
\ar@cellbox=\box59
) (c:/Users/pbrky/AppData/Roaming/TinyTeX/texmf-dist/tex/latex/multirow/multirow.sty
Package: multirow 2021/03/15 v2.8 Span multiple rows of a table
\multirow@colwidth=\skip61
\multirow@cntb=\count287
\multirow@dima=\skip62
\bigstrutjot=\dimen176
) (c:/Users/pbrky/AppData/Roaming/TinyTeX/texmf-dist/tex/latex/wrapfig/wrapfig.sty
\wrapoverhang=\dimen177
\WF@size=\dimen178
\c@WF@wrappedlines=\count288
\WF@box=\box60
\WF@everypar=\toks26
Package: wrapfig 2003/01/31  v 3.6
) (c:/Users/pbrky/AppData/Roaming/TinyTeX/texmf-dist/tex/latex/float/float.sty
Package: float 2001/11/08 v1.3d Float enhancements (AL)
\c@float@type=\count289
\float@exts=\toks27
\float@box=\box61
\@float@everytoks=\toks28
\@floatcapt=\box62
) (c:/Users/pbrky/AppData/Roaming/TinyTeX/texmf-dist/tex/latex/colortbl/colortbl.sty
Package: colortbl 2024/02/20 v1.0g Color table columns (DPC)
(c:/Users/pbrky/AppData/Roaming/TinyTeX/texmf-dist/tex/latex/graphics/color.sty
Package: color 2022/01/06 v1.3d Standard LaTeX Color (DPC)
(c:/Users/pbrky/AppData/Roaming/TinyTeX/texmf-dist/tex/latex/graphics-cfg/color.cfg
File: color.cfg 2016/01/02 v1.6 sample color configuration
)
Package color Info: Driver file: pdftex.def on input line 149.
(c:/Users/pbrky/AppData/Roaming/TinyTeX/texmf-dist/tex/latex/graphics/mathcolor.ltx))
\everycr=\toks29
\minrowclearance=\skip63
\rownum=\count290
) (c:/Users/pbrky/AppData/Roaming/TinyTeX/texmf-dist/tex/latex/pdflscape/pdflscape.sty
Package: pdflscape 2022-10-27 v0.13 Display of landscape pages in PDF
(c:/Users/pbrky/AppData/Roaming/TinyTeX/texmf-dist/tex/latex/pdflscape/pdflscape-nometadata.sty
Package: pdflscape-nometadata 2022-10-28 v0.13 Display of landscape pages in PDF (HO)
(c:/Users/pbrky/AppData/Roaming/TinyTeX/texmf-dist/tex/generic/iftex/iftex.sty
Package: iftex 2022/02/03 v1.0f TeX engine tests
) (c:/Users/pbrky/AppData/Roaming/TinyTeX/texmf-dist/tex/latex/graphics/lscape.sty
Package: lscape 2020/05/28 v3.02 Landscape Pages (DPC)
)
Package pdflscape Info: Auto-detected driver: pdftex on input line 81.
)) (c:/Users/pbrky/AppData/Roaming/TinyTeX/texmf-dist/tex/latex/tabu/tabu.sty
Package: tabu 2019/01/11 v2.9 - flexible LaTeX tabulars (FC+tabu-fixed)
(c:/Users/pbrky/AppData/Roaming/TinyTeX/texmf-dist/tex/latex/varwidth/varwidth.sty
Package: varwidth 2009/03/30 ver 0.92;  Variable-width minipages
\@vwid@box=\box63
\sift@deathcycles=\count291
\@vwid@loff=\dimen179
\@vwid@roff=\dimen180
)
\c@taburow=\count292
\tabu@nbcols=\count293
\tabu@cnt=\count294
\tabu@Xcol=\count295
\tabu@alloc=\count296
\tabu@nested=\count297
\tabu@target=\dimen181
\tabu@spreadtarget=\dimen182
\tabu@naturalX=\dimen183
\tabucolX=\dimen184
\tabu@Xsum=\dimen185
\extrarowdepth=\dimen186
\abovetabulinesep=\dimen187
\belowtabulinesep=\dimen188
\tabustrutrule=\dimen189
\tabu@thebody=\toks30
\tabu@footnotes=\toks31
\tabu@box=\box64
\tabu@arstrutbox=\box65
\tabu@hleads=\box66
\tabu@vleads=\box67
\tabu@cellskip=\skip64
) (c:/Users/pbrky/AppData/Roaming/TinyTeX/texmf-dist/tex/latex/threeparttable/threeparttable.sty
Package: threeparttable 2003/06/13  v 3.0
\@tempboxb=\box68
) (c:/Users/pbrky/AppData/Roaming/TinyTeX/texmf-dist/tex/latex/threeparttablex/threeparttablex.sty
Package: threeparttablex 2013/07/23 v0.3 by daleif
(c:/Users/pbrky/AppData/Roaming/TinyTeX/texmf-dist/tex/latex/environ/environ.sty
Package: environ 2014/05/04 v0.3 A new way to define environments
(c:/Users/pbrky/AppData/Roaming/TinyTeX/texmf-dist/tex/latex/trimspaces/trimspaces.sty
Package: trimspaces 2009/09/17 v1.1 Trim spaces around a token list
))
\TPTL@width=\skip65
) (c:/Users/pbrky/AppData/Roaming/TinyTeX/texmf-dist/tex/generic/ulem/ulem.sty
\UL@box=\box69
\UL@hyphenbox=\box70
\UL@skip=\skip66
\UL@hook=\toks32
\UL@height=\dimen190
\UL@pe=\count298
\UL@pixel=\dimen191
\ULC@box=\box71
Package: ulem 2019/11/18
\ULdepth=\dimen192
) (c:/Users/pbrky/AppData/Roaming/TinyTeX/texmf-dist/tex/latex/makecell/makecell.sty
Package: makecell 2009/08/03 V0.1e Managing of Tab Column Heads and Cells
\rotheadsize=\dimen193
\c@nlinenum=\count299
\TeXr@lab=\toks33
) (c:/Users/pbrky/AppData/Roaming/TinyTeX/texmf-dist/tex/latex/xcolor/xcolor.sty
Package: xcolor 2023/11/15 v3.01 LaTeX color extensions (UK)
(c:/Users/pbrky/AppData/Roaming/TinyTeX/texmf-dist/tex/latex/graphics-cfg/color.cfg
File: color.cfg 2016/01/02 v1.6 sample color configuration
)
Package xcolor Info: Driver file: pdftex.def on input line 274.
LaTeX Info: Redefining \color on input line 758.
(c:/Users/pbrky/AppData/Roaming/TinyTeX/texmf-dist/tex/latex/graphics/mathcolor.ltx)
Package xcolor Info: Model `cmy' substituted by `cmy0' on input line 1350.
Package xcolor Info: Model `hsb' substituted by `rgb' on input line 1354.
Package xcolor Info: Model `RGB' extended on input line 1366.
Package xcolor Info: Model `HTML' substituted by `rgb' on input line 1368.
Package xcolor Info: Model `Hsb' substituted by `hsb' on input line 1369.
Package xcolor Info: Model `tHsb' substituted by `hsb' on input line 1370.
Package xcolor Info: Model `HSB' substituted by `hsb' on input line 1371.
Package xcolor Info: Model `Gray' substituted by `gray' on input line 1372.
Package xcolor Info: Model `wave' substituted by `hsb' on input line 1373.
) (c:/Users/pbrky/AppData/Roaming/TinyTeX/texmf-dist/tex/latex/bookmark/bookmark.sty
Package: bookmark 2023-12-10 v1.31 PDF bookmarks (HO)
(c:/Users/pbrky/AppData/Roaming/TinyTeX/texmf-dist/tex/latex/hyperref/hyperref.sty
Package: hyperref 2024-01-20 v7.01h Hypertext links for LaTeX
(c:/Users/pbrky/AppData/Roaming/TinyTeX/texmf-dist/tex/latex/kvsetkeys/kvsetkeys.sty
Package: kvsetkeys 2022-10-05 v1.19 Key value parser (HO)
) (c:/Users/pbrky/AppData/Roaming/TinyTeX/texmf-dist/tex/generic/kvdefinekeys/kvdefinekeys.sty
Package: kvdefinekeys 2019-12-19 v1.6 Define keys (HO)
) (c:/Users/pbrky/AppData/Roaming/TinyTeX/texmf-dist/tex/generic/pdfescape/pdfescape.sty
Package: pdfescape 2019/12/09 v1.15 Implements pdfTeX's escape features (HO)
(c:/Users/pbrky/AppData/Roaming/TinyTeX/texmf-dist/tex/generic/ltxcmds/ltxcmds.sty
Package: ltxcmds 2023-12-04 v1.26 LaTeX kernel commands for general use (HO)
) (c:/Users/pbrky/AppData/Roaming/TinyTeX/texmf-dist/tex/generic/pdftexcmds/pdftexcmds.sty
Package: pdftexcmds 2020-06-27 v0.33 Utility functions of pdfTeX for LuaTeX (HO)
(c:/Users/pbrky/AppData/Roaming/TinyTeX/texmf-dist/tex/generic/infwarerr/infwarerr.sty
Package: infwarerr 2019/12/03 v1.5 Providing info/warning/error messages (HO)
)
Package pdftexcmds Info: \pdf@primitive is available.
Package pdftexcmds Info: \pdf@ifprimitive is available.
Package pdftexcmds Info: \pdfdraftmode found.
)) (c:/Users/pbrky/AppData/Roaming/TinyTeX/texmf-dist/tex/latex/hycolor/hycolor.sty
Package: hycolor 2020-01-27 v1.10 Color options for hyperref/bookmark (HO)
) (c:/Users/pbrky/AppData/Roaming/TinyTeX/texmf-dist/tex/latex/auxhook/auxhook.sty
Package: auxhook 2019-12-17 v1.6 Hooks for auxiliary files (HO)
) (c:/Users/pbrky/AppData/Roaming/TinyTeX/texmf-dist/tex/latex/hyperref/nameref.sty
Package: nameref 2023-11-26 v2.56 Cross-referencing by name of section
(c:/Users/pbrky/AppData/Roaming/TinyTeX/texmf-dist/tex/latex/refcount/refcount.sty
Package: refcount 2019/12/15 v3.6 Data extraction from label references (HO)
) (c:/Users/pbrky/AppData/Roaming/TinyTeX/texmf-dist/tex/generic/gettitlestring/gettitlestring.sty
Package: gettitlestring 2019/12/15 v1.6 Cleanup title references (HO)
(c:/Users/pbrky/AppData/Roaming/TinyTeX/texmf-dist/tex/latex/kvoptions/kvoptions.sty
Package: kvoptions 2022-06-15 v3.15 Key value format for package options (HO)
))
\c@section@level=\count300
) (c:/Users/pbrky/AppData/Roaming/TinyTeX/texmf-dist/tex/latex/etoolbox/etoolbox.sty
Package: etoolbox 2020/10/05 v2.5k e-TeX tools for LaTeX (JAW)
\etb@tempcnta=\count301
)
\@linkdim=\dimen194
\Hy@linkcounter=\count302
\Hy@pagecounter=\count303
(c:/Users/pbrky/AppData/Roaming/TinyTeX/texmf-dist/tex/latex/hyperref/pd1enc.def
File: pd1enc.def 2024-01-20 v7.01h Hyperref: PDFDocEncoding definition (HO)
Now handling font encoding PD1 ...
... no UTF-8 mapping file for font encoding PD1
) (c:/Users/pbrky/AppData/Roaming/TinyTeX/texmf-dist/tex/generic/intcalc/intcalc.sty
Package: intcalc 2019/12/15 v1.3 Expandable calculations with integers (HO)
)
\Hy@SavedSpaceFactor=\count304
(c:/Users/pbrky/AppData/Roaming/TinyTeX/texmf-dist/tex/latex/hyperref/puenc.def
File: puenc.def 2024-01-20 v7.01h Hyperref: PDF Unicode definition (HO)
Now handling font encoding PU ...
... no UTF-8 mapping file for font encoding PU
)
Package hyperref Info: Option `unicode' set `true' on input line 4062.
Package hyperref Info: Hyper figures OFF on input line 4179.
Package hyperref Info: Link nesting OFF on input line 4184.
Package hyperref Info: Hyper index ON on input line 4187.
Package hyperref Info: Plain pages OFF on input line 4194.
Package hyperref Info: Backreferencing OFF on input line 4199.
Package hyperref Info: Implicit mode ON; LaTeX internals redefined.
Package hyperref Info: Bookmarks ON on input line 4446.
\c@Hy@tempcnt=\count305
(c:/Users/pbrky/AppData/Roaming/TinyTeX/texmf-dist/tex/latex/url/url.sty
\Urlmuskip=\muskip17
Package: url 2013/09/16  ver 3.4  Verb mode for urls, etc.
)
LaTeX Info: Redefining \url on input line 4784.
\XeTeXLinkMargin=\dimen195
(c:/Users/pbrky/AppData/Roaming/TinyTeX/texmf-dist/tex/generic/bitset/bitset.sty
Package: bitset 2019/12/09 v1.3 Handle bit-vector datatype (HO)
(c:/Users/pbrky/AppData/Roaming/TinyTeX/texmf-dist/tex/generic/bigintcalc/bigintcalc.sty
Package: bigintcalc 2019/12/15 v1.5 Expandable calculations on big integers (HO)
))
\Fld@menulength=\count306
\Field@Width=\dimen196
\Fld@charsize=\dimen197
Package hyperref Info: Hyper figures OFF on input line 6063.
Package hyperref Info: Link nesting OFF on input line 6068.
Package hyperref Info: Hyper index ON on input line 6071.
Package hyperref Info: backreferencing OFF on input line 6078.
Package hyperref Info: Link coloring OFF on input line 6083.
Package hyperref Info: Link coloring with OCG OFF on input line 6088.
Package hyperref Info: PDF/A mode OFF on input line 6093.
(c:/Users/pbrky/AppData/Roaming/TinyTeX/texmf-dist/tex/latex/base/atbegshi-ltx.sty
Package: atbegshi-ltx 2021/01/10 v1.0c Emulation of the original atbegshi
package with kernel methods
)
\Hy@abspage=\count307
\c@Item=\count308
\c@Hfootnote=\count309
)
Package hyperref Info: Driver (autodetected): hpdftex.
(c:/Users/pbrky/AppData/Roaming/TinyTeX/texmf-dist/tex/latex/hyperref/hpdftex.def
File: hpdftex.def 2024-01-20 v7.01h Hyperref driver for pdfTeX
(c:/Users/pbrky/AppData/Roaming/TinyTeX/texmf-dist/tex/latex/base/atveryend-ltx.sty
Package: atveryend-ltx 2020/08/19 v1.0a Emulation of the original atveryend package
with kernel methods
)
\Fld@listcount=\count310
\c@bookmark@seq@number=\count311
(c:/Users/pbrky/AppData/Roaming/TinyTeX/texmf-dist/tex/latex/rerunfilecheck/rerunfilecheck.sty
Package: rerunfilecheck 2022-07-10 v1.10 Rerun checks for auxiliary files (HO)
(c:/Users/pbrky/AppData/Roaming/TinyTeX/texmf-dist/tex/generic/uniquecounter/uniquecounter.sty
Package: uniquecounter 2019/12/15 v1.4 Provide unlimited unique counter (HO)
)
Package uniquecounter Info: New unique counter `rerunfilecheck' on input line 285.
)
\Hy@SectionHShift=\skip67
) (c:/Users/pbrky/AppData/Roaming/TinyTeX/texmf-dist/tex/latex/bookmark/bkm-pdftex.def
File: bkm-pdftex.def 2023-12-10 v1.31 bookmark driver for pdfTeX and luaTeX (HO)
\BKM@id=\count312
)) (c:/Users/pbrky/AppData/Roaming/TinyTeX/texmf-dist/tex/latex/l3backend/l3backend-pdftex.def
File: l3backend-pdftex.def 2024-04-11 L3 backend support: PDF output (pdfTeX)
\l__color_backend_stack_int=\count313
\l__pdf_internal_box=\box72
) (./MainDocument.aux)
\openout1 = `MainDocument.aux'.

LaTeX Font Info:    Checking defaults for OML/cmm/m/it on input line 60.
LaTeX Font Info:    ... okay on input line 60.
LaTeX Font Info:    Checking defaults for OMS/cmsy/m/n on input line 60.
LaTeX Font Info:    ... okay on input line 60.
LaTeX Font Info:    Checking defaults for OT1/cmr/m/n on input line 60.
LaTeX Font Info:    ... okay on input line 60.
LaTeX Font Info:    Checking defaults for T1/cmr/m/n on input line 60.
LaTeX Font Info:    ... okay on input line 60.
LaTeX Font Info:    Checking defaults for TS1/cmr/m/n on input line 60.
LaTeX Font Info:    ... okay on input line 60.
LaTeX Font Info:    Checking defaults for OMX/cmex/m/n on input line 60.
LaTeX Font Info:    ... okay on input line 60.
LaTeX Font Info:    Checking defaults for U/cmr/m/n on input line 60.
LaTeX Font Info:    ... okay on input line 60.
LaTeX Font Info:    Checking defaults for PD1/pdf/m/n on input line 60.
LaTeX Font Info:    ... okay on input line 60.
LaTeX Font Info:    Checking defaults for PU/pdf/m/n on input line 60.
LaTeX Font Info:    ... okay on input line 60.
(c:/Users/pbrky/AppData/Roaming/TinyTeX/texmf-dist/tex/latex/epstopdf-pkg/epstopdf-base.sty
Package: epstopdf-base 2020-01-24 v2.11 Base part for package epstopdf
Package epstopdf-base Info: Redefining graphics rule for `.eps' on input line 485.
(c:/Users/pbrky/AppData/Roaming/TinyTeX/texmf-dist/tex/latex/latexconfig/epstopdf-sys.cfg
File: epstopdf-sys.cfg 2010/07/13 v1.3 Configuration of (r)epstopdf for TeX Live
))
Package hyperref Info: Link coloring OFF on input line 60.
[1
Non-PDF special ignored!
<special> header=psfrag.pro

{c:/Users/pbrky/AppData/Roaming/TinyTeX/texmf-var/fonts/map/pdftex/updmap/pdftex.map}] [2] [3]
<MainDocument_files/figure-latex/figureflowdiagram-1.pdf, id=69, 469.755pt x 325.215pt>
File: MainDocument_files/figure-latex/figureflowdiagram-1.pdf Graphic file (type pdf)
<use MainDocument_files/figure-latex/figureflowdiagram-1.pdf>
Package pdftex.def Info: MainDocument_files/figure-latex/figureflowdiagram-1.pdf  used on input line 225.
(pdftex.def)             Requested size: 469.75386pt x 325.2142pt.

Overfull \hbox (7.48387pt too wide) in paragraph at lines 225--226
 [][] 
 []

[4] [5 <./MainDocument_files/figure-latex/figureflowdiagram-1.pdf>] [6]
<MainDocument_files/figure-latex/mapandtimelines-1.pdf, id=111, 469.755pt x 325.215pt>
File: MainDocument_files/figure-latex/mapandtimelines-1.pdf Graphic file (type pdf)
<use MainDocument_files/figure-latex/mapandtimelines-1.pdf>
Package pdftex.def Info: MainDocument_files/figure-latex/mapandtimelines-1.pdf  used on input line 303.
(pdftex.def)             Requested size: 469.75386pt x 325.2142pt.

Overfull \hbox (7.48387pt too wide) in paragraph at lines 303--311
 [][] 
 []

[7] [8 <./MainDocument_files/figure-latex/mapandtimelines-1.pdf>]
<MainDocument_files/figure-latex/heatmapcrosstab-1.pdf, id=134, 469.755pt x 325.215pt>
File: MainDocument_files/figure-latex/heatmapcrosstab-1.pdf Graphic file (type pdf)
<use MainDocument_files/figure-latex/heatmapcrosstab-1.pdf>
Package pdftex.def Info: MainDocument_files/figure-latex/heatmapcrosstab-1.pdf  used on input line 370.
(pdftex.def)             Requested size: 469.75386pt x 325.2142pt.

Overfull \hbox (7.48387pt too wide) in paragraph at lines 370--379
 [][] 
 []

[9] [10 <./MainDocument_files/figure-latex/heatmapcrosstab-1.pdf>]

LaTeX Warning: No positions in optional float specifier.
               Default added (so using `tbp') on input line 399.

[11]

LaTeX Warning: No positions in optional float specifier.
               Default added (so using `tbp') on input line 436.

<MainDocument_files/figure-latex/map-1.pdf, id=172, 469.755pt x 325.215pt>
File: MainDocument_files/figure-latex/map-1.pdf Graphic file (type pdf)
<use MainDocument_files/figure-latex/map-1.pdf>
Package pdftex.def Info: MainDocument_files/figure-latex/map-1.pdf  used on input line 455.
(pdftex.def)             Requested size: 469.75386pt x 325.2142pt.

Overfull \hbox (7.48387pt too wide) in paragraph at lines 455--460
 [][] 
 []

[12] [13] [14 <./MainDocument_files/figure-latex/map-1.pdf>] [15] [16]
Overfull \hbox (5.13075pt too wide) in paragraph at lines 578--583
[]\OT1/cmr/m/n/12 Anderson, G. Brooke, Francesca Do-minici, Yun Wang, Mered-ith C. Mc-Cor-mack, Michelle
 []

[17]
Overfull \hbox (75.33093pt too wide) in paragraph at lines 613--617
\OT1/cmr/m/n/12 Jour-nal of Hu-man Be-hav-ior in the So-cial En-vi-ron-ment 29(2):266--81. doi: 10.1080/10911359.2018.1527739. 
 []

[18]
Overfull \hbox (5.32379pt too wide) in paragraph at lines 625--630
[]\OT1/cmr/m/n/12 Benmarhnia, Tarik, Wahida Kihal-Talantikite, Mar-tina S. Raget-tli, and S^^Severine Deguen.
 []


Overfull \hbox (49.52657pt too wide) in paragraph at lines 637--640
\OT1/cmr/m/n/12 Cli-mate Change?'' Global En-vi-ron-men-tal Change 21(1):25--33. doi: 10.1016/j.gloenvcha.2010.09.012. 
 []

[19]
Overfull \hbox (3.90576pt too wide) in paragraph at lines 656--661
[]\OT1/cmr/m/n/12 Bunker, Aditi, Jan Wilden-hain, Alina Van-den-bergh, Nicholas Hen-schke, Joacim Rockl^^?ov,
 []


Overfull \hbox (37.32254pt too wide) in paragraph at lines 656--661
\OT1/cmr/m/n/12 Analysis of Epi-demi-o-log-i-cal Ev-i-dence.'' EBioMedicine 6:258--68. doi: 10.1016/j.ebiom.2016.02.034. 
 []


Overfull \hbox (70.80968pt too wide) in paragraph at lines 678--681
\OT1/cmr/m/n/12 Warm-ing on Mor-tal-ity.'' Early Hu-man De-vel-op-ment 155:105222. doi: 10.1016/j.earlhumdev.2020.105222. 
 []

[20] [21]
Overfull \hbox (37.00447pt too wide) in paragraph at lines 733--737
\OT1/cmr/m/n/12 tion to Cli-mate Ex-tremes.'' Cli-mate Risk Man-age-ment 32:100285. doi: 10.1016/j.crm.2021.100285. 
 []


Overfull \hbox (0.25443pt too wide) in paragraph at lines 738--742
[]\OT1/cmr/m/n/12 Conlon, Kathryn C., Nicholas B. Ra-jkovich, Jalonne L. White-Newsome, Larissa Larsen,
 []

[22] [23]
Overfull \hbox (25.64626pt too wide) in paragraph at lines 797--802
\OT1/cmr/m/n/12 Fu-ture Sce-nar-ios.'' At-mo-spheric En-vi-ron-ment 140:320--32. doi: 10.1016/j.atmosenv.2016.06.015. 
 []


Overfull \hbox (86.19286pt too wide) in paragraph at lines 829--833
\OT1/cmr/m/n/12 Fu-ture Cli-mate Change Sce-nar-ios.'' En-vi-ron-men-tal Re-search 204:112012. doi: 10.1016/j.envres.2021.112012. 
 []

[24]
Overfull \hbox (75.1027pt too wide) in paragraph at lines 856--859
\OT1/cmr/m/n/12 prove Sea-Level Rise Risk As-sess-ments.'' Ap-plied Ge-og-ra-phy 91:10--20. doi: 10.1016/j.apgeog.2017.12.019. 
 []

[25] [26]
Overfull \hbox (2.11641pt too wide) in paragraph at lines 927--930
\OT1/cmr/m/n/12 As-sess-ing a Frame-work in East-ern North Car-olina.'' Ocean & Coastal Man-age-ment 162:137--
 []

[27]
Overfull \hbox (12.09502pt too wide) in paragraph at lines 961--965
\OT1/cmr/m/n/12 Rhode Is-land.'' En-vi-ron-men-tal Health Per-spec-tives 124(4):460--67. doi: 10.1289/ehp.1408826. 
 []


Overfull \hbox (82.39845pt too wide) in paragraph at lines 972--975
\OT1/cmr/m/n/12 Re-view.'' An-nual Re-view of Pub-lic Health 29(1):41--55. doi: 10.1146/an-nurev.publhealth.29.020907.090843. 
 []

[28]
Overfull \hbox (5.94049pt too wide) in paragraph at lines 991--1007
[]\OT1/cmr/m/n/12 Lee, Jae Young, Ho Kim, An-to-nio Gas-par-rini, Ben Arm-strong, Michelle L. Bell, Francesco
 []

[29] [30] [31] [32]
Overfull \hbox (3.5914pt too wide) in paragraph at lines 1128--1136
\OT1/cmr/m/n/12 nal of En-vi-ron-men-tal Re-search and Pub-lic Health 7(5):2256--73. doi: 10.3390/ijerph7052256. 
 []


Overfull \hbox (20.53287pt too wide) in paragraph at lines 1151--1155
\OT1/cmr/m/n/12 ceed-ings of the Na-tional Academy of Sci-ences 107(41):17521--26. doi: 10.1073/pnas.1004581107. 
 []

[33] [34]
Overfull \hbox (37.26558pt too wide) in paragraph at lines 1199--1202
\OT1/cmr/m/n/12 States.'' Jour-nal of En-vi-ron-men-tal Man-age-ment 232:295--304. doi: 10.1016/j.jenvman.2018.11.039. 
 []


Overfull \hbox (7.1085pt too wide) in paragraph at lines 1218--1223
[]\OT1/cmr/m/n/12 Ruuhela, Reija, Athana-sios Vot-sis, Jaakko Kukko-nen, Kirsti Jylh^^?a, Su-sanna Kankaanp^^?a^^?a,
 []

[35] [36] [37] [38]
Overfull \hbox (76.57222pt too wide) in paragraph at lines 1373--1378
\OT1/cmr/m/n/12 Events: A Case Study of Philadel-phia.'' Ap-plied Ge-og-ra-phy 63:231--43. doi: 10.1016/j.apgeog.2015.07.006. 
 []

[39] [40] [41] [42]
Overfull \hbox (2.21594pt too wide) in paragraph at lines 1496--1500
\OT1/cmr/m/n/12 Crossover Study.'' En-vi-ron-men-tal Re-search 169:196--205. doi: 10.1016/j.envres.2018.10.034. 
 []

[43]
Overfull \hbox (12.30333pt too wide) in paragraph at lines 1517--1521
\OT1/cmr/m/n/12 China.'' Sci-ence of The To-tal En-vi-ron-ment 621:1491--98. doi: 10.1016/j.scitotenv.2017.10.079. 
 []


Overfull \hbox (23.53099pt too wide) in paragraph at lines 1529--1533
\OT1/cmr/m/n/12 nese Cities.'' Sci-ence of The To-tal En-vi-ron-ment 493:92--97. doi: 10.1016/j.scitotenv.2014.05.116. 
 []

(./MainDocument.bbl [44] [45]) [46] (./MainDocument.aux)
 ***********
LaTeX2e <2023-11-01> patch level 1
L3 programming layer <2024-04-11>
 ***********
 ) 
Here is how much of TeX's memory you used:
 11979 strings out of 476009
 189409 string characters out of 5789910
 1935754 words of memory out of 5000000
 33862 multiletter control sequences out of 15000+600000
 566067 words of font info for 64 fonts, out of 8000000 for 9000
 14 hyphenation exceptions out of 8191
 89i,10n,93p,825b,567s stack positions out of 10000i,1000n,20000p,200000b,200000s
 <c:/Users/pbrky/AppData/Roaming/TinyTeX/texmf-var/fonts/pk/ljfour/jknappen/ec/tcrm1200.600pk><c:/Users/pbrky/AppData/Roaming/TinyTeX/texmf-dist/fonts/type1/public/amsfonts/cm/cmbx10.pfb><c:/Users/pbrky/AppData/Roaming/TinyTeX/texmf-dist/fonts/type1/public/amsfonts/cm/cmbx12.pfb><c:/Users/pbrky/AppData/Roaming/TinyTeX/texmf-dist/fonts/type1/public/amsfonts/cm/cmmi12.pfb><c:/Users/pbrky/AppData/Roaming/TinyTeX/texmf-dist/fonts/type1/public/amsfonts/cm/cmr10.pfb><c:/Users/pbrky/AppData/Roaming/TinyTeX/texmf-dist/fonts/type1/public/amsfonts/cm/cmr12.pfb><c:/Users/pbrky/AppData/Roaming/TinyTeX/texmf-dist/fonts/type1/public/amsfonts/cm/cmsy10.pfb><c:/Users/pbrky/AppData/Roaming/TinyTeX/texmf-dist/fonts/type1/public/amsfonts/cm/cmti12.pfb>
Output written on MainDocument.pdf (46 pages, 357615 bytes).
PDF statistics:
 440 PDF objects out of 1000 (max. 8388607)
 363 compressed objects within 4 object streams
 104 named destinations out of 1000 (max. 500000)
 133 words of extra memory for PDF output out of 10000 (max. 10000000)

